2020-10-09 10:33:50,127 - basicLogger - INFO - Periodic processing for stats has been initiated
2020-10-09 10:33:56,245 - basicLogger - INFO - 0 events received from domestic baggages GET request with status code 200
2020-10-09 10:33:56,246 - basicLogger - INFO - 0 events received from international baggages GET request with status code 200
2020-10-09 10:33:56,247 - basicLogger - DEBUG - Data store updated with num_domestic_baggages: 0, num_international_baggages: 0, total_baggages: 0
2020-10-09 10:33:56,270 - basicLogger - INFO - Period processing for stats has ended
2020-10-09 10:33:56,764 - basicLogger - INFO - GET request stats has been initiated
2020-10-09 10:33:56,765 - basicLogger - DEBUG - Get stats with num_domestic_baggages: 0, num_international_baggages: 0, total_baggages: 0
2020-10-09 10:33:56,765 - basicLogger - INFO - GET request stats has been completed
2020-10-09 10:34:00,174 - basicLogger - INFO - Periodic processing for stats has been initiated
2020-10-09 10:34:04,212 - basicLogger - INFO - 0 events received from domestic baggages GET request with status code 200
2020-10-09 10:34:04,213 - basicLogger - INFO - 0 events received from international baggages GET request with status code 200
2020-10-09 10:34:04,214 - basicLogger - DEBUG - Data store updated with num_domestic_baggages: 0, num_international_baggages: 0, total_baggages: 0
2020-10-09 10:34:04,223 - basicLogger - INFO - Period processing for stats has ended
2020-10-09 10:34:05,145 - basicLogger - INFO - Periodic processing for stats has been initiated
2020-10-09 10:34:09,259 - basicLogger - INFO - 32 events received from domestic baggages GET request with status code 200
2020-10-09 10:34:09,260 - basicLogger - INFO - 100 events received from international baggages GET request with status code 200
2020-10-09 10:34:09,261 - basicLogger - DEBUG - Data store updated with num_domestic_baggages: 32, num_international_baggages: 100, total_baggages: 132
2020-10-09 10:34:09,275 - basicLogger - INFO - Period processing for stats has ended
2020-10-09 10:34:10,126 - basicLogger - INFO - Periodic processing for stats has been initiated
2020-10-09 10:34:12,081 - basicLogger - INFO - GET request stats has been initiated
2020-10-09 10:34:12,083 - basicLogger - DEBUG - Get stats with num_domestic_baggages: 32, num_international_baggages: 100, total_baggages: 132
2020-10-09 10:34:12,093 - basicLogger - INFO - GET request stats has been completed
2020-10-09 10:34:14,333 - basicLogger - INFO - 14 events received from domestic baggages GET request with status code 200
2020-10-09 10:34:14,334 - basicLogger - INFO - 100 events received from international baggages GET request with status code 200
2020-10-09 10:34:14,344 - basicLogger - DEBUG - Data store updated with num_domestic_baggages: 46, num_international_baggages: 200, total_baggages: 246
2020-10-09 10:34:14,347 - basicLogger - INFO - Period processing for stats has ended
2020-10-09 10:34:15,120 - basicLogger - INFO - Periodic processing for stats has been initiated
2020-10-09 10:34:16,918 - basicLogger - INFO - GET request stats has been initiated
2020-10-09 10:34:16,966 - basicLogger - DEBUG - Get stats with num_domestic_baggages: 46, num_international_baggages: 200, total_baggages: 246
2020-10-09 10:34:16,984 - basicLogger - INFO - GET request stats has been completed
2020-10-09 10:34:19,168 - basicLogger - INFO - 27 events received from domestic baggages GET request with status code 200
2020-10-09 10:34:19,170 - basicLogger - INFO - 100 events received from international baggages GET request with status code 200
2020-10-09 10:34:19,172 - basicLogger - DEBUG - Data store updated with num_domestic_baggages: 73, num_international_baggages: 300, total_baggages: 373
2020-10-09 10:34:19,183 - basicLogger - INFO - Period processing for stats has ended
2020-10-09 10:34:20,106 - basicLogger - INFO - Periodic processing for stats has been initiated
2020-10-09 10:34:20,524 - basicLogger - INFO - GET request stats has been initiated
2020-10-09 10:34:20,525 - basicLogger - DEBUG - Get stats with num_domestic_baggages: 73, num_international_baggages: 300, total_baggages: 373
2020-10-09 10:34:20,525 - basicLogger - INFO - GET request stats has been completed
2020-10-09 10:34:24,210 - basicLogger - INFO - 33 events received from domestic baggages GET request with status code 200
2020-10-09 10:34:24,213 - basicLogger - INFO - 103 events received from international baggages GET request with status code 200
2020-10-09 10:34:24,214 - basicLogger - DEBUG - Data store updated with num_domestic_baggages: 106, num_international_baggages: 403, total_baggages: 509
2020-10-09 10:34:24,228 - basicLogger - INFO - Period processing for stats has ended
2020-10-09 10:34:25,116 - basicLogger - INFO - Periodic processing for stats has been initiated
2020-10-09 10:34:26,932 - basicLogger - INFO - GET request stats has been initiated
2020-10-09 10:34:26,933 - basicLogger - DEBUG - Get stats with num_domestic_baggages: 106, num_international_baggages: 403, total_baggages: 509
2020-10-09 10:34:26,943 - basicLogger - INFO - GET request stats has been completed
2020-10-09 10:34:29,250 - basicLogger - INFO - 61 events received from domestic baggages GET request with status code 200
2020-10-09 10:34:29,250 - basicLogger - INFO - 102 events received from international baggages GET request with status code 200
2020-10-09 10:34:29,252 - basicLogger - DEBUG - Data store updated with num_domestic_baggages: 167, num_international_baggages: 505, total_baggages: 672
2020-10-09 10:34:29,256 - basicLogger - INFO - Period processing for stats has ended
2020-10-09 10:34:30,116 - basicLogger - INFO - Periodic processing for stats has been initiated
2020-10-09 10:34:32,381 - basicLogger - INFO - GET request stats has been initiated
2020-10-09 10:34:32,382 - basicLogger - DEBUG - Get stats with num_domestic_baggages: 167, num_international_baggages: 505, total_baggages: 672
2020-10-09 10:34:32,382 - basicLogger - INFO - GET request stats has been completed
2020-10-09 10:34:34,309 - basicLogger - INFO - 59 events received from domestic baggages GET request with status code 200
2020-10-09 10:34:34,310 - basicLogger - INFO - 92 events received from international baggages GET request with status code 200
2020-10-09 10:34:34,311 - basicLogger - DEBUG - Data store updated with num_domestic_baggages: 226, num_international_baggages: 597, total_baggages: 823
2020-10-09 10:34:34,313 - basicLogger - INFO - Period processing for stats has ended
2020-10-09 10:34:35,117 - basicLogger - INFO - Periodic processing for stats has been initiated
2020-10-09 10:34:39,182 - basicLogger - INFO - 53 events received from domestic baggages GET request with status code 200
2020-10-09 10:34:39,183 - basicLogger - INFO - 92 events received from international baggages GET request with status code 200
2020-10-09 10:34:39,184 - basicLogger - DEBUG - Data store updated with num_domestic_baggages: 279, num_international_baggages: 689, total_baggages: 968
2020-10-09 10:34:39,194 - basicLogger - INFO - Period processing for stats has ended
2020-10-09 10:34:40,115 - basicLogger - INFO - Periodic processing for stats has been initiated
2020-10-09 10:34:44,165 - basicLogger - INFO - 31 events received from domestic baggages GET request with status code 200
2020-10-09 10:34:44,165 - basicLogger - INFO - 96 events received from international baggages GET request with status code 200
2020-10-09 10:34:44,166 - basicLogger - DEBUG - Data store updated with num_domestic_baggages: 310, num_international_baggages: 785, total_baggages: 1095
2020-10-09 10:34:44,178 - basicLogger - INFO - Period processing for stats has ended
2020-10-09 10:34:45,113 - basicLogger - INFO - Periodic processing for stats has been initiated
2020-10-09 10:34:49,167 - basicLogger - INFO - 46 events received from domestic baggages GET request with status code 200
2020-10-09 10:34:49,168 - basicLogger - INFO - 103 events received from international baggages GET request with status code 200
2020-10-09 10:34:49,175 - basicLogger - DEBUG - Data store updated with num_domestic_baggages: 356, num_international_baggages: 888, total_baggages: 1244
2020-10-09 10:34:49,176 - basicLogger - INFO - Period processing for stats has ended
2020-10-09 10:34:50,106 - basicLogger - INFO - Periodic processing for stats has been initiated
2020-10-09 10:34:54,146 - basicLogger - INFO - 56 events received from domestic baggages GET request with status code 200
2020-10-09 10:34:54,147 - basicLogger - INFO - 101 events received from international baggages GET request with status code 200
2020-10-09 10:34:54,148 - basicLogger - DEBUG - Data store updated with num_domestic_baggages: 412, num_international_baggages: 989, total_baggages: 1401
2020-10-09 10:34:54,157 - basicLogger - INFO - Period processing for stats has ended
2020-10-09 10:34:55,114 - basicLogger - INFO - Periodic processing for stats has been initiated
2020-10-09 10:34:59,165 - basicLogger - INFO - 60 events received from domestic baggages GET request with status code 200
2020-10-09 10:34:59,166 - basicLogger - INFO - 99 events received from international baggages GET request with status code 200
2020-10-09 10:34:59,176 - basicLogger - DEBUG - Data store updated with num_domestic_baggages: 472, num_international_baggages: 1088, total_baggages: 1560
2020-10-09 10:34:59,177 - basicLogger - INFO - Period processing for stats has ended
2020-10-09 10:35:00,124 - basicLogger - INFO - Periodic processing for stats has been initiated
2020-10-09 10:35:04,168 - basicLogger - INFO - 52 events received from domestic baggages GET request with status code 200
2020-10-09 10:35:04,169 - basicLogger - INFO - 102 events received from international baggages GET request with status code 200
2020-10-09 10:35:04,171 - basicLogger - DEBUG - Data store updated with num_domestic_baggages: 524, num_international_baggages: 1190, total_baggages: 1714
2020-10-09 10:35:04,181 - basicLogger - INFO - Period processing for stats has ended
2020-10-09 10:35:05,116 - basicLogger - INFO - Periodic processing for stats has been initiated
2020-10-09 10:35:09,282 - basicLogger - INFO - 30 events received from domestic baggages GET request with status code 200
2020-10-09 10:35:09,283 - basicLogger - INFO - 92 events received from international baggages GET request with status code 200
2020-10-09 10:35:09,283 - basicLogger - DEBUG - Data store updated with num_domestic_baggages: 554, num_international_baggages: 1282, total_baggages: 1836
2020-10-09 10:35:09,284 - basicLogger - INFO - Period processing for stats has ended
2020-10-09 10:35:10,134 - basicLogger - INFO - Periodic processing for stats has been initiated
2020-10-09 10:35:14,174 - basicLogger - INFO - 0 events received from domestic baggages GET request with status code 200
2020-10-09 10:35:14,175 - basicLogger - INFO - 0 events received from international baggages GET request with status code 200
2020-10-09 10:35:14,177 - basicLogger - DEBUG - Data store updated with num_domestic_baggages: 554, num_international_baggages: 1282, total_baggages: 1836
2020-10-09 10:35:14,185 - basicLogger - INFO - Period processing for stats has ended
2020-10-09 10:35:15,139 - basicLogger - INFO - Periodic processing for stats has been initiated
2020-10-09 10:35:19,231 - basicLogger - INFO - 0 events received from domestic baggages GET request with status code 200
2020-10-09 10:35:19,232 - basicLogger - INFO - 0 events received from international baggages GET request with status code 200
2020-10-09 10:35:19,234 - basicLogger - DEBUG - Data store updated with num_domestic_baggages: 554, num_international_baggages: 1282, total_baggages: 1836
2020-10-09 10:35:19,250 - basicLogger - INFO - Period processing for stats has ended
2020-10-09 10:35:20,148 - basicLogger - INFO - Periodic processing for stats has been initiated
2020-10-09 10:35:24,184 - basicLogger - INFO - 0 events received from domestic baggages GET request with status code 200
2020-10-09 10:35:24,185 - basicLogger - INFO - 0 events received from international baggages GET request with status code 200
2020-10-09 10:35:24,186 - basicLogger - DEBUG - Data store updated with num_domestic_baggages: 554, num_international_baggages: 1282, total_baggages: 1836
2020-10-09 10:35:24,190 - basicLogger - INFO - Period processing for stats has ended
