2020-10-29 11:42:36,898 - basicLogger - INFO - Message: {'type': 'domestic', 'datetime': '2020-10-29T11:42:36Z', 'payload': {'baggage_id': '31659ea8-28f8-4ec2-81fe-e329d9fa6133', 'destination_province': 'Saskatchewan', 'postal-code': 'C1R 7Z9', 'timestamp': '2019-12-25T02:31:12Z', 'weight_kg': 18}}
2020-10-29 11:42:36,899 - basicLogger - INFO - Connecting to DB. Hostname:ec2-52-24-255-57.us-west-2.compute.amazonaws.com, Port: 3306
2020-10-29 11:42:37,398 - basicLogger - DEBUG - Stored event Domestic Baggage request with unique id of 31659ea8-28f8-4ec2-81fe-e329d9fa6133
2020-10-29 11:42:37,550 - basicLogger - INFO - Message: {'type': 'domestic', 'datetime': '2020-10-29T11:42:36Z', 'payload': {'baggage_id': 'b295dc0d-d712-4a6c-8e94-c24eda446403', 'destination_province': 'Quebec', 'postal-code': 'F9U 4Z2', 'timestamp': '2020-03-03T14:07:12Z', 'weight_kg': 62}}
2020-10-29 11:42:37,550 - basicLogger - INFO - Connecting to DB. Hostname:ec2-52-24-255-57.us-west-2.compute.amazonaws.com, Port: 3306
2020-10-29 11:42:37,620 - basicLogger - DEBUG - Stored event Domestic Baggage request with unique id of b295dc0d-d712-4a6c-8e94-c24eda446403
2020-10-29 11:42:37,645 - basicLogger - INFO - Message: {'type': 'domestic', 'datetime': '2020-10-29T11:42:36Z', 'payload': {'baggage_id': '25550313-b500-4d93-86ef-9734b80e0b90', 'destination_province': 'New Brunswick', 'postal-code': 'W8K 0N5', 'timestamp': '2020-08-03T09:02:16Z', 'weight_kg': 15}}
2020-10-29 11:42:37,646 - basicLogger - INFO - Connecting to DB. Hostname:ec2-52-24-255-57.us-west-2.compute.amazonaws.com, Port: 3306
2020-10-29 11:42:37,713 - basicLogger - DEBUG - Stored event Domestic Baggage request with unique id of 25550313-b500-4d93-86ef-9734b80e0b90
2020-10-29 11:42:37,739 - basicLogger - INFO - Message: {'type': 'domestic', 'datetime': '2020-10-29T11:42:37Z', 'payload': {'baggage_id': '3a45bb6f-9ad4-4b72-91e4-412c7918d872', 'destination_province': 'Ontario', 'postal-code': 'W3Y 5P9', 'timestamp': '2020-02-07T02:19:49Z', 'weight_kg': 79}}
2020-10-29 11:42:37,740 - basicLogger - INFO - Connecting to DB. Hostname:ec2-52-24-255-57.us-west-2.compute.amazonaws.com, Port: 3306
2020-10-29 11:42:37,810 - basicLogger - DEBUG - Stored event Domestic Baggage request with unique id of 3a45bb6f-9ad4-4b72-91e4-412c7918d872
2020-10-29 11:42:37,834 - basicLogger - INFO - Message: {'type': 'domestic', 'datetime': '2020-10-29T11:42:37Z', 'payload': {'baggage_id': '37fb413b-1cf9-4cff-88c0-64a639964830', 'destination_province': 'Manitoba', 'postal-code': 'D1H 5H7', 'timestamp': '2020-06-03T05:37:52Z', 'weight_kg': 13}}
2020-10-29 11:42:37,835 - basicLogger - INFO - Connecting to DB. Hostname:ec2-52-24-255-57.us-west-2.compute.amazonaws.com, Port: 3306
2020-10-29 11:42:37,909 - basicLogger - DEBUG - Stored event Domestic Baggage request with unique id of 37fb413b-1cf9-4cff-88c0-64a639964830
2020-10-29 11:42:42,067 - basicLogger - INFO - Message: {'type': 'international', 'datetime': '2020-10-29T11:42:42Z', 'payload': {'baggage_id': '31659ea8-28f8-4ec2-81fe-e329d9fa6133', 'postal-code': 'C1R 7Z9', 'timestamp': '2019-12-25T02:31:12Z', 'weight_kg': 18, 'destination': 'China'}}
2020-10-29 11:42:42,068 - basicLogger - INFO - Connecting to DB. Hostname:ec2-52-24-255-57.us-west-2.compute.amazonaws.com, Port: 3306
2020-10-29 11:42:42,158 - basicLogger - DEBUG - Stored event International Baggage request with unique id of 31659ea8-28f8-4ec2-81fe-e329d9fa6133
2020-10-29 11:42:42,188 - basicLogger - INFO - Message: {'type': 'international', 'datetime': '2020-10-29T11:42:42Z', 'payload': {'baggage_id': 'b295dc0d-d712-4a6c-8e94-c24eda446403', 'postal-code': 'F9U 4Z2', 'timestamp': '2020-03-03T14:07:12Z', 'weight_kg': 62, 'destination': 'Philippines'}}
2020-10-29 11:42:42,190 - basicLogger - INFO - Connecting to DB. Hostname:ec2-52-24-255-57.us-west-2.compute.amazonaws.com, Port: 3306
2020-10-29 11:42:42,259 - basicLogger - DEBUG - Stored event International Baggage request with unique id of b295dc0d-d712-4a6c-8e94-c24eda446403
2020-10-29 11:42:42,283 - basicLogger - INFO - Message: {'type': 'international', 'datetime': '2020-10-29T11:42:42Z', 'payload': {'baggage_id': '25550313-b500-4d93-86ef-9734b80e0b90', 'postal-code': 'W8K 0N5', 'timestamp': '2020-08-03T09:02:16Z', 'weight_kg': 15, 'destination': 'Japan'}}
2020-10-29 11:42:42,284 - basicLogger - INFO - Connecting to DB. Hostname:ec2-52-24-255-57.us-west-2.compute.amazonaws.com, Port: 3306
2020-10-29 11:42:42,354 - basicLogger - DEBUG - Stored event International Baggage request with unique id of 25550313-b500-4d93-86ef-9734b80e0b90
2020-10-29 11:42:42,473 - basicLogger - INFO - Message: {'type': 'international', 'datetime': '2020-10-29T11:42:42Z', 'payload': {'baggage_id': '3a45bb6f-9ad4-4b72-91e4-412c7918d872', 'postal-code': 'W3Y 5P9', 'timestamp': '2020-02-07T02:19:49Z', 'weight_kg': 79, 'destination': 'South Africa'}}
2020-10-29 11:42:42,474 - basicLogger - INFO - Connecting to DB. Hostname:ec2-52-24-255-57.us-west-2.compute.amazonaws.com, Port: 3306
2020-10-29 11:42:42,547 - basicLogger - DEBUG - Stored event International Baggage request with unique id of 3a45bb6f-9ad4-4b72-91e4-412c7918d872
2020-10-29 11:42:42,801 - basicLogger - INFO - Message: {'type': 'international', 'datetime': '2020-10-29T11:42:42Z', 'payload': {'baggage_id': '37fb413b-1cf9-4cff-88c0-64a639964830', 'postal-code': 'D1H 5H7', 'timestamp': '2020-06-03T05:37:52Z', 'weight_kg': 13, 'destination': 'China'}}
2020-10-29 11:42:42,802 - basicLogger - INFO - Connecting to DB. Hostname:ec2-52-24-255-57.us-west-2.compute.amazonaws.com, Port: 3306
2020-10-29 11:42:42,873 - basicLogger - DEBUG - Stored event International Baggage request with unique id of 37fb413b-1cf9-4cff-88c0-64a639964830
2020-10-29 11:42:47,507 - basicLogger - INFO - Message: {'type': 'domestic', 'datetime': '2020-10-29T11:42:47Z', 'payload': {'baggage_id': 'c3c31cd6-5441-4521-b802-3fac5c16df31', 'destination_province': 'Ontario', 'postal-code': 'D5E 0Z8', 'timestamp': '2020-05-31T01:58:15Z', 'weight_kg': 46}}
2020-10-29 11:42:47,508 - basicLogger - INFO - Connecting to DB. Hostname:ec2-52-24-255-57.us-west-2.compute.amazonaws.com, Port: 3306
2020-10-29 11:42:47,578 - basicLogger - DEBUG - Stored event Domestic Baggage request with unique id of c3c31cd6-5441-4521-b802-3fac5c16df31
2020-10-29 11:42:47,603 - basicLogger - INFO - Message: {'type': 'domestic', 'datetime': '2020-10-29T11:42:47Z', 'payload': {'baggage_id': '94c2a4ba-c53e-4c8e-be2d-a5feb9458ed0', 'destination_province': 'Prince Edward Island', 'postal-code': 'C3R 7J1', 'timestamp': '2020-01-10T03:21:36Z', 'weight_kg': 42}}
2020-10-29 11:42:47,604 - basicLogger - INFO - Connecting to DB. Hostname:ec2-52-24-255-57.us-west-2.compute.amazonaws.com, Port: 3306
2020-10-29 11:42:47,665 - basicLogger - DEBUG - Stored event Domestic Baggage request with unique id of 94c2a4ba-c53e-4c8e-be2d-a5feb9458ed0
2020-10-29 11:42:47,690 - basicLogger - INFO - Message: {'type': 'domestic', 'datetime': '2020-10-29T11:42:47Z', 'payload': {'baggage_id': '18239138-f53a-404b-a7dd-893f0f1dd460', 'destination_province': 'Alberta', 'postal-code': 'C7C 7J8', 'timestamp': '2020-07-31T03:24:36Z', 'weight_kg': 51}}
2020-10-29 11:42:47,692 - basicLogger - INFO - Connecting to DB. Hostname:ec2-52-24-255-57.us-west-2.compute.amazonaws.com, Port: 3306
2020-10-29 11:42:47,759 - basicLogger - DEBUG - Stored event Domestic Baggage request with unique id of 18239138-f53a-404b-a7dd-893f0f1dd460
2020-10-29 11:42:47,787 - basicLogger - INFO - Message: {'type': 'domestic', 'datetime': '2020-10-29T11:42:47Z', 'payload': {'baggage_id': '4f7a15a3-b080-483d-9e50-05370fdc0134', 'destination_province': 'Newfoundland and Labrador', 'postal-code': 'W1O 4Z2', 'timestamp': '2019-11-27T05:50:10Z', 'weight_kg': 3}}
2020-10-29 11:42:47,788 - basicLogger - INFO - Connecting to DB. Hostname:ec2-52-24-255-57.us-west-2.compute.amazonaws.com, Port: 3306
2020-10-29 11:42:47,855 - basicLogger - DEBUG - Stored event Domestic Baggage request with unique id of 4f7a15a3-b080-483d-9e50-05370fdc0134
2020-10-29 11:42:48,017 - basicLogger - INFO - Message: {'type': 'domestic', 'datetime': '2020-10-29T11:42:47Z', 'payload': {'baggage_id': 'c74785ed-e141-407a-b5c8-e30e5b1696aa', 'destination_province': 'Quebec', 'postal-code': 'F4A 0F5', 'timestamp': '2020-08-01T15:49:50Z', 'weight_kg': 25}}
2020-10-29 11:42:48,018 - basicLogger - INFO - Connecting to DB. Hostname:ec2-52-24-255-57.us-west-2.compute.amazonaws.com, Port: 3306
2020-10-29 11:42:48,100 - basicLogger - DEBUG - Stored event Domestic Baggage request with unique id of c74785ed-e141-407a-b5c8-e30e5b1696aa
2020-10-29 11:42:52,753 - basicLogger - INFO - Message: {'type': 'international', 'datetime': '2020-10-29T11:42:52Z', 'payload': {'baggage_id': '94c2a4ba-c53e-4c8e-be2d-a5feb9458ed0', 'postal-code': 'C3R 7J1', 'timestamp': '2020-01-10T03:21:36Z', 'weight_kg': 42, 'destination': 'China'}}
2020-10-29 11:42:52,754 - basicLogger - INFO - Connecting to DB. Hostname:ec2-52-24-255-57.us-west-2.compute.amazonaws.com, Port: 3306
2020-10-29 11:42:52,827 - basicLogger - DEBUG - Stored event International Baggage request with unique id of 94c2a4ba-c53e-4c8e-be2d-a5feb9458ed0
2020-10-29 11:42:52,852 - basicLogger - INFO - Message: {'type': 'international', 'datetime': '2020-10-29T11:42:52Z', 'payload': {'baggage_id': 'c3c31cd6-5441-4521-b802-3fac5c16df31', 'postal-code': 'D5E 0Z8', 'timestamp': '2020-05-31T01:58:15Z', 'weight_kg': 46, 'destination': 'Argentina'}}
2020-10-29 11:42:52,853 - basicLogger - INFO - Connecting to DB. Hostname:ec2-52-24-255-57.us-west-2.compute.amazonaws.com, Port: 3306
2020-10-29 11:42:52,929 - basicLogger - DEBUG - Stored event International Baggage request with unique id of c3c31cd6-5441-4521-b802-3fac5c16df31
2020-10-29 11:42:53,241 - basicLogger - INFO - Message: {'type': 'international', 'datetime': '2020-10-29T11:42:52Z', 'payload': {'baggage_id': '18239138-f53a-404b-a7dd-893f0f1dd460', 'postal-code': 'C7C 7J8', 'timestamp': '2020-07-31T03:24:36Z', 'weight_kg': 51, 'destination': 'China'}}
2020-10-29 11:42:53,242 - basicLogger - INFO - Connecting to DB. Hostname:ec2-52-24-255-57.us-west-2.compute.amazonaws.com, Port: 3306
2020-10-29 11:42:53,310 - basicLogger - DEBUG - Stored event International Baggage request with unique id of 18239138-f53a-404b-a7dd-893f0f1dd460
2020-10-29 11:42:53,333 - basicLogger - INFO - Message: {'type': 'international', 'datetime': '2020-10-29T11:42:52Z', 'payload': {'baggage_id': '4f7a15a3-b080-483d-9e50-05370fdc0134', 'postal-code': 'W1O 4Z2', 'timestamp': '2019-11-27T05:50:10Z', 'weight_kg': 3, 'destination': 'China'}}
2020-10-29 11:42:53,334 - basicLogger - INFO - Connecting to DB. Hostname:ec2-52-24-255-57.us-west-2.compute.amazonaws.com, Port: 3306
2020-10-29 11:42:53,411 - basicLogger - DEBUG - Stored event International Baggage request with unique id of 4f7a15a3-b080-483d-9e50-05370fdc0134
2020-10-29 11:42:53,433 - basicLogger - INFO - Message: {'type': 'international', 'datetime': '2020-10-29T11:42:53Z', 'payload': {'baggage_id': 'c74785ed-e141-407a-b5c8-e30e5b1696aa', 'postal-code': 'F4A 0F5', 'timestamp': '2020-08-01T15:49:50Z', 'weight_kg': 25, 'destination': 'Haiti'}}
2020-10-29 11:42:53,433 - basicLogger - INFO - Connecting to DB. Hostname:ec2-52-24-255-57.us-west-2.compute.amazonaws.com, Port: 3306
2020-10-29 11:42:53,517 - basicLogger - DEBUG - Stored event International Baggage request with unique id of c74785ed-e141-407a-b5c8-e30e5b1696aa
2020-10-29 11:42:57,926 - basicLogger - INFO - Message: {'type': 'domestic', 'datetime': '2020-10-29T11:42:57Z', 'payload': {'baggage_id': 'c89c7d90-11d9-40d5-b049-0b1954e9cc36', 'destination_province': 'Manitoba', 'postal-code': 'W0X 3Q6', 'timestamp': '2020-01-11T17:48:30Z', 'weight_kg': 6}}
2020-10-29 11:42:57,927 - basicLogger - INFO - Connecting to DB. Hostname:ec2-52-24-255-57.us-west-2.compute.amazonaws.com, Port: 3306
2020-10-29 11:42:58,019 - basicLogger - DEBUG - Stored event Domestic Baggage request with unique id of c89c7d90-11d9-40d5-b049-0b1954e9cc36
2020-10-29 11:42:58,045 - basicLogger - INFO - Message: {'type': 'domestic', 'datetime': '2020-10-29T11:42:57Z', 'payload': {'baggage_id': '0316b68b-69d1-4eac-a1c1-ceffbc0f6ca3', 'destination_province': 'Saskatchewan', 'postal-code': 'J7M 3O5', 'timestamp': '2019-12-31T16:10:33Z', 'weight_kg': 99}}
2020-10-29 11:42:58,047 - basicLogger - INFO - Connecting to DB. Hostname:ec2-52-24-255-57.us-west-2.compute.amazonaws.com, Port: 3306
2020-10-29 11:42:58,128 - basicLogger - DEBUG - Stored event Domestic Baggage request with unique id of 0316b68b-69d1-4eac-a1c1-ceffbc0f6ca3
2020-10-29 11:42:58,151 - basicLogger - INFO - Message: {'type': 'domestic', 'datetime': '2020-10-29T11:42:57Z', 'payload': {'baggage_id': 'ea814d36-19e3-4438-a7f5-d591b19b6e3b', 'destination_province': 'Alberta', 'postal-code': 'V3H 7J1', 'timestamp': '2020-07-08T02:50:49Z', 'weight_kg': 32}}
2020-10-29 11:42:58,169 - basicLogger - INFO - Connecting to DB. Hostname:ec2-52-24-255-57.us-west-2.compute.amazonaws.com, Port: 3306
2020-10-29 11:42:58,238 - basicLogger - DEBUG - Stored event Domestic Baggage request with unique id of ea814d36-19e3-4438-a7f5-d591b19b6e3b
2020-10-29 11:42:58,262 - basicLogger - INFO - Message: {'type': 'domestic', 'datetime': '2020-10-29T11:42:58Z', 'payload': {'baggage_id': '445b675c-3c90-4488-b717-aee357777ebc', 'destination_province': 'Nova Scotia', 'postal-code': 'Z3E 1C7', 'timestamp': '2020-09-08T06:25:16Z', 'weight_kg': 2}}
2020-10-29 11:42:58,263 - basicLogger - INFO - Connecting to DB. Hostname:ec2-52-24-255-57.us-west-2.compute.amazonaws.com, Port: 3306
2020-10-29 11:42:58,332 - basicLogger - DEBUG - Stored event Domestic Baggage request with unique id of 445b675c-3c90-4488-b717-aee357777ebc
2020-10-29 11:42:58,578 - basicLogger - INFO - Message: {'type': 'domestic', 'datetime': '2020-10-29T11:42:58Z', 'payload': {'baggage_id': 'c7f62b6f-6184-4a84-829b-8e99e15ba0b3', 'destination_province': 'Prince Edward Island', 'postal-code': 'B1C 6G1', 'timestamp': '2020-06-18T01:22:45Z', 'weight_kg': 8}}
2020-10-29 11:42:58,579 - basicLogger - INFO - Connecting to DB. Hostname:ec2-52-24-255-57.us-west-2.compute.amazonaws.com, Port: 3306
2020-10-29 11:42:58,650 - basicLogger - DEBUG - Stored event Domestic Baggage request with unique id of c7f62b6f-6184-4a84-829b-8e99e15ba0b3
2020-10-29 11:43:03,153 - basicLogger - INFO - Message: {'type': 'international', 'datetime': '2020-10-29T11:43:03Z', 'payload': {'baggage_id': '0316b68b-69d1-4eac-a1c1-ceffbc0f6ca3', 'postal-code': 'J7M 3O5', 'timestamp': '2019-12-31T16:10:33Z', 'weight_kg': 99, 'destination': 'Brazil'}}
2020-10-29 11:43:03,154 - basicLogger - INFO - Connecting to DB. Hostname:ec2-52-24-255-57.us-west-2.compute.amazonaws.com, Port: 3306
2020-10-29 11:43:03,232 - basicLogger - DEBUG - Stored event International Baggage request with unique id of 0316b68b-69d1-4eac-a1c1-ceffbc0f6ca3
2020-10-29 11:43:03,261 - basicLogger - INFO - Message: {'type': 'international', 'datetime': '2020-10-29T11:43:03Z', 'payload': {'baggage_id': 'c89c7d90-11d9-40d5-b049-0b1954e9cc36', 'postal-code': 'W0X 3Q6', 'timestamp': '2020-01-11T17:48:30Z', 'weight_kg': 6, 'destination': 'China'}}
2020-10-29 11:43:03,262 - basicLogger - INFO - Connecting to DB. Hostname:ec2-52-24-255-57.us-west-2.compute.amazonaws.com, Port: 3306
2020-10-29 11:43:03,333 - basicLogger - DEBUG - Stored event International Baggage request with unique id of c89c7d90-11d9-40d5-b049-0b1954e9cc36
2020-10-29 11:43:03,359 - basicLogger - INFO - Message: {'type': 'international', 'datetime': '2020-10-29T11:43:03Z', 'payload': {'baggage_id': 'ea814d36-19e3-4438-a7f5-d591b19b6e3b', 'postal-code': 'V3H 7J1', 'timestamp': '2020-07-08T02:50:49Z', 'weight_kg': 32, 'destination': 'Indonesia'}}
2020-10-29 11:43:03,359 - basicLogger - INFO - Connecting to DB. Hostname:ec2-52-24-255-57.us-west-2.compute.amazonaws.com, Port: 3306
2020-10-29 11:43:03,433 - basicLogger - DEBUG - Stored event International Baggage request with unique id of ea814d36-19e3-4438-a7f5-d591b19b6e3b
2020-10-29 11:43:03,734 - basicLogger - INFO - Message: {'type': 'international', 'datetime': '2020-10-29T11:43:03Z', 'payload': {'baggage_id': 'c7f62b6f-6184-4a84-829b-8e99e15ba0b3', 'postal-code': 'B1C 6G1', 'timestamp': '2020-06-18T01:22:45Z', 'weight_kg': 8, 'destination': 'Poland'}}
2020-10-29 11:43:03,735 - basicLogger - INFO - Connecting to DB. Hostname:ec2-52-24-255-57.us-west-2.compute.amazonaws.com, Port: 3306
2020-10-29 11:43:03,813 - basicLogger - DEBUG - Stored event International Baggage request with unique id of c7f62b6f-6184-4a84-829b-8e99e15ba0b3
2020-10-29 11:43:04,373 - basicLogger - INFO - Message: {'type': 'international', 'datetime': '2020-10-29T11:43:04Z', 'payload': {'baggage_id': '445b675c-3c90-4488-b717-aee357777ebc', 'postal-code': 'Z3E 1C7', 'timestamp': '2020-09-08T06:25:16Z', 'weight_kg': 2, 'destination': 'Ireland'}}
2020-10-29 11:43:04,374 - basicLogger - INFO - Connecting to DB. Hostname:ec2-52-24-255-57.us-west-2.compute.amazonaws.com, Port: 3306
2020-10-29 11:43:04,441 - basicLogger - DEBUG - Stored event International Baggage request with unique id of 445b675c-3c90-4488-b717-aee357777ebc
2020-10-29 11:43:08,382 - basicLogger - INFO - Message: {'type': 'domestic', 'datetime': '2020-10-29T11:43:08Z', 'payload': {'baggage_id': 'dd6e6118-48a3-4138-b299-5682b2a0783a', 'destination_province': 'British Columbia', 'postal-code': 'L0U 3Y8', 'timestamp': '2020-09-20T22:45:12Z', 'weight_kg': 17}}
2020-10-29 11:43:08,383 - basicLogger - INFO - Connecting to DB. Hostname:ec2-52-24-255-57.us-west-2.compute.amazonaws.com, Port: 3306
2020-10-29 11:43:08,458 - basicLogger - DEBUG - Stored event Domestic Baggage request with unique id of dd6e6118-48a3-4138-b299-5682b2a0783a
2020-10-29 11:43:08,487 - basicLogger - INFO - Message: {'type': 'domestic', 'datetime': '2020-10-29T11:43:08Z', 'payload': {'baggage_id': '5417b809-ba10-4faf-9cf4-3a3dc4a99dd1', 'destination_province': 'Newfoundland and Labrador', 'postal-code': 'C4P 0W8', 'timestamp': '2020-03-26T18:08:15Z', 'weight_kg': 68}}
2020-10-29 11:43:08,488 - basicLogger - INFO - Connecting to DB. Hostname:ec2-52-24-255-57.us-west-2.compute.amazonaws.com, Port: 3306
2020-10-29 11:43:08,561 - basicLogger - DEBUG - Stored event Domestic Baggage request with unique id of 5417b809-ba10-4faf-9cf4-3a3dc4a99dd1
2020-10-29 11:43:08,929 - basicLogger - INFO - Message: {'type': 'domestic', 'datetime': '2020-10-29T11:43:08Z', 'payload': {'baggage_id': '8af7184f-35f2-4477-9264-8ccd44e620e8', 'destination_province': 'Quebec', 'postal-code': 'W1X 5C6', 'timestamp': '2020-04-22T16:47:57Z', 'weight_kg': 29}}
2020-10-29 11:43:08,930 - basicLogger - INFO - Connecting to DB. Hostname:ec2-52-24-255-57.us-west-2.compute.amazonaws.com, Port: 3306
2020-10-29 11:43:08,994 - basicLogger - DEBUG - Stored event Domestic Baggage request with unique id of 8af7184f-35f2-4477-9264-8ccd44e620e8
2020-10-29 11:43:09,386 - basicLogger - INFO - Message: {'type': 'domestic', 'datetime': '2020-10-29T11:43:09Z', 'payload': {'baggage_id': '12a3a701-9281-4fbb-8d5b-e67b940f2e01', 'destination_province': 'New Brunswick', 'postal-code': 'O8V 6M6', 'timestamp': '2020-07-11T03:15:53Z', 'weight_kg': 31}}
2020-10-29 11:43:09,387 - basicLogger - INFO - Connecting to DB. Hostname:ec2-52-24-255-57.us-west-2.compute.amazonaws.com, Port: 3306
2020-10-29 11:43:09,454 - basicLogger - DEBUG - Stored event Domestic Baggage request with unique id of 12a3a701-9281-4fbb-8d5b-e67b940f2e01
2020-10-29 11:43:09,501 - basicLogger - INFO - Message: {'type': 'domestic', 'datetime': '2020-10-29T11:43:09Z', 'payload': {'baggage_id': '5b5fd9c4-8b80-4a87-9c81-0287a18695db', 'destination_province': 'Alberta', 'postal-code': 'E9S 5L1', 'timestamp': '2019-12-05T12:14:17Z', 'weight_kg': 54}}
2020-10-29 11:43:09,501 - basicLogger - INFO - Connecting to DB. Hostname:ec2-52-24-255-57.us-west-2.compute.amazonaws.com, Port: 3306
2020-10-29 11:43:09,569 - basicLogger - DEBUG - Stored event Domestic Baggage request with unique id of 5b5fd9c4-8b80-4a87-9c81-0287a18695db
2020-10-29 11:43:13,741 - basicLogger - INFO - Message: {'type': 'international', 'datetime': '2020-10-29T11:43:13Z', 'payload': {'baggage_id': '5417b809-ba10-4faf-9cf4-3a3dc4a99dd1', 'postal-code': 'C4P 0W8', 'timestamp': '2020-03-26T18:08:15Z', 'weight_kg': 68, 'destination': 'China'}}
2020-10-29 11:43:13,742 - basicLogger - INFO - Connecting to DB. Hostname:ec2-52-24-255-57.us-west-2.compute.amazonaws.com, Port: 3306
2020-10-29 11:43:13,811 - basicLogger - DEBUG - Stored event International Baggage request with unique id of 5417b809-ba10-4faf-9cf4-3a3dc4a99dd1
2020-10-29 11:43:13,953 - basicLogger - INFO - Message: {'type': 'international', 'datetime': '2020-10-29T11:43:13Z', 'payload': {'baggage_id': 'dd6e6118-48a3-4138-b299-5682b2a0783a', 'postal-code': 'L0U 3Y8', 'timestamp': '2020-09-20T22:45:12Z', 'weight_kg': 17, 'destination': 'China'}}
2020-10-29 11:43:13,954 - basicLogger - INFO - Connecting to DB. Hostname:ec2-52-24-255-57.us-west-2.compute.amazonaws.com, Port: 3306
2020-10-29 11:43:14,026 - basicLogger - DEBUG - Stored event International Baggage request with unique id of dd6e6118-48a3-4138-b299-5682b2a0783a
2020-10-29 11:43:14,148 - basicLogger - INFO - Message: {'type': 'international', 'datetime': '2020-10-29T11:43:14Z', 'payload': {'baggage_id': '8af7184f-35f2-4477-9264-8ccd44e620e8', 'postal-code': 'W1X 5C6', 'timestamp': '2020-04-22T16:47:57Z', 'weight_kg': 29, 'destination': 'Thailand'}}
2020-10-29 11:43:14,148 - basicLogger - INFO - Connecting to DB. Hostname:ec2-52-24-255-57.us-west-2.compute.amazonaws.com, Port: 3306
2020-10-29 11:43:14,221 - basicLogger - DEBUG - Stored event International Baggage request with unique id of 8af7184f-35f2-4477-9264-8ccd44e620e8
2020-10-29 11:43:14,557 - basicLogger - INFO - Message: {'type': 'international', 'datetime': '2020-10-29T11:43:14Z', 'payload': {'baggage_id': '12a3a701-9281-4fbb-8d5b-e67b940f2e01', 'postal-code': 'O8V 6M6', 'timestamp': '2020-07-11T03:15:53Z', 'weight_kg': 31, 'destination': 'Indonesia'}}
2020-10-29 11:43:14,558 - basicLogger - INFO - Connecting to DB. Hostname:ec2-52-24-255-57.us-west-2.compute.amazonaws.com, Port: 3306
2020-10-29 11:43:14,637 - basicLogger - DEBUG - Stored event International Baggage request with unique id of 12a3a701-9281-4fbb-8d5b-e67b940f2e01
2020-10-29 11:43:14,692 - basicLogger - INFO - Message: {'type': 'international', 'datetime': '2020-10-29T11:43:14Z', 'payload': {'baggage_id': '5b5fd9c4-8b80-4a87-9c81-0287a18695db', 'postal-code': 'E9S 5L1', 'timestamp': '2019-12-05T12:14:17Z', 'weight_kg': 54, 'destination': 'Moldova'}}
2020-10-29 11:43:14,693 - basicLogger - INFO - Connecting to DB. Hostname:ec2-52-24-255-57.us-west-2.compute.amazonaws.com, Port: 3306
2020-10-29 11:43:14,762 - basicLogger - DEBUG - Stored event International Baggage request with unique id of 5b5fd9c4-8b80-4a87-9c81-0287a18695db
